C51 COMPILER V9.57.0.0   KEY                                                               04/09/2022 12:02:41 PAGE 1   


C51 COMPILER V9.57.0.0, COMPILATION OF MODULE KEY
OBJECT MODULE PLACED IN .\Objects\key.obj
COMPILER INVOKED BY: E:\Keil_v5\C51\BIN\C51.EXE ..\APP\key.c OPTIMIZE(8,SPEED) BROWSE INCDIR(..\APP;..\LIB;..\USER) DEBU
                    -G OBJECTEXTEND PRINT(.\Listings\key.lst) TABS(2) OBJECT(.\Objects\key.obj)

line level    source

   1          #include "key.h"
   2          
   3          uchar key_num = 0;
   4          uchar key_num2 = 0;
   5          
   6          
   7          void key_scanf()
   8          {
   9   1        static uchar key_state=0,hang=0;
  10   1        switch(key_state){
  11   2          case 0:{
  12   3            P32=1;P33=1;P35=0;P34=0;
  13   3            if(P32!=1||P33!=1){
  14   4              key_state = 1;
  15   4            }
  16   3          }break;
  17   2          case 1:{
  18   3            P32=1;P33=1;P35=0;P34=0;
  19   3            if(P32!=1||P33!=1){
  20   4              if(P32==0)hang=3;
  21   4              if(P33==0)hang=4;   
  22   4              switch(hang){
  23   5                case 3:{
  24   6                  P32=0;P33=0;P35=1;P34=1;
  25   6                  if(P35==0){key_num=13;key_state=2;}
  26   6                  if(P34==0){key_num=17;key_num2=17;key_state=2;}
  27   6                }break;
  28   5                case 4:{
  29   6                  P32=0;P33=0;P35=1;P34=1;
  30   6                  if(P35==0){key_num=12;key_state=2;}
  31   6                  if(P34==0){key_num=16;key_state=2;}           
  32   6                }break;
  33   5              }
  34   4            }   
  35   3            else {
  36   4              key_state = 0;
  37   4            }
  38   3          }break;
  39   2          case 2:{
  40   3            P32=1;P33=1;P35=0;P34=0;
  41   3            if(P32==1&&P33==1){
  42   4              key_state = 0;
  43   4              key_num2 = 0;//³¤°´
  44   4            }
  45   3          }break;
  46   2        }
  47   1      }


MODULE INFORMATION:   STATIC OVERLAYABLE
   CODE SIZE        =    147    ----
   CONSTANT SIZE    =   ----    ----
   XDATA SIZE       =   ----    ----
   PDATA SIZE       =   ----    ----
C51 COMPILER V9.57.0.0   KEY                                                               04/09/2022 12:02:41 PAGE 2   

   DATA SIZE        =      4    ----
   IDATA SIZE       =   ----    ----
   BIT SIZE         =   ----    ----
END OF MODULE INFORMATION.


C51 COMPILATION COMPLETE.  0 WARNING(S),  0 ERROR(S)
