C51 COMPILER V9.57.0.0   LED                                                               04/09/2022 12:02:40 PAGE 1   


C51 COMPILER V9.57.0.0, COMPILATION OF MODULE LED
OBJECT MODULE PLACED IN .\Objects\led.obj
COMPILER INVOKED BY: E:\Keil_v5\C51\BIN\C51.EXE ..\APP\led.c OPTIMIZE(8,SPEED) BROWSE INCDIR(..\APP;..\LIB;..\USER) DEBU
                    -G OBJECTEXTEND PRINT(.\Listings\led.lst) TABS(2) OBJECT(.\Objects\led.obj)

line level    source

   1          #include "led.h"
   2          
   3          uchar led_wei = 0xff;
   4          uchar led_d[9] = {0xfe,0xfd,0xfb,0xf7,0xef,0xdf,0xbf,0x7f,0x00};
   5          
   6          void all_init()
   7          {
   8   1        Y4;P0=0xff;
   9   1        Y5;P0=0x00;
  10   1        Y6;P0=0xff;
  11   1        Y7;P0=0xff;
  12   1        Y0;
  13   1      }
  14          
  15          void led_scan()
  16          {
  17   1        Y4;
  18   1        P0 = led_wei;
  19   1        Y0;
  20   1      }
  21          
  22          void led_light(uchar a)
  23          {
  24   1        led_wei &= led_d[a-1];
  25   1      }
  26          
  27          void led_unlight(uchar a)
  28          {
  29   1        led_wei |= ~led_d[a-1];
  30   1      }


MODULE INFORMATION:   STATIC OVERLAYABLE
   CODE SIZE        =     80    ----
   CONSTANT SIZE    =   ----    ----
   XDATA SIZE       =   ----    ----
   PDATA SIZE       =   ----    ----
   DATA SIZE        =     10    ----
   IDATA SIZE       =   ----    ----
   BIT SIZE         =   ----    ----
END OF MODULE INFORMATION.


C51 COMPILATION COMPLETE.  0 WARNING(S),  0 ERROR(S)
