C51 COMPILER V9.57.0.0   SMG                                                               04/09/2022 12:02:40 PAGE 1   


C51 COMPILER V9.57.0.0, COMPILATION OF MODULE SMG
OBJECT MODULE PLACED IN .\Objects\smg.obj
COMPILER INVOKED BY: E:\Keil_v5\C51\BIN\C51.EXE ..\APP\smg.c OPTIMIZE(8,SPEED) BROWSE INCDIR(..\APP;..\LIB;..\USER) DEBU
                    -G OBJECTEXTEND PRINT(.\Listings\smg.lst) TABS(2) OBJECT(.\Objects\smg.obj)

line level    source

   1          #include "smg.h"
   2          
   3          uchar d[8] = {16,16,16,16,16,16,16,16};
   4          
   5          /*************  本地常量声明    **************/
   6          uchar num[]={                       //标准字库
   7          //   0    1    2    3    4    5    6    7    8    9    A    B    C    D    E    F
   8              0x3F,0x06,0x5B,0x4F,0x66,0x6D,0x7D,0x07,0x7F,0x6F,0x77,0x7C,0x39,0x5E,0x79,0x71,
   9          //black  -     H    J    K    L    N    o   P    U     t    G    Q    r   M    y
  10              0x00,0x40,0x76,0x1E,0x70,0x38,0x37,0x5C,0x73,0x3E,0x78,0x3d,0x67,0x50,0x37,0x6e,
  11              0xBF,0x86,0xDB,0xCF,0xE6,0xED,0xFD,0x87,0xFF,0xEF,0x46};    //0. 1. 2. 3. 4. 5. 6. 7. 8. 9. -1
  12          
  13          uchar pos[]={0x01,0x02,0x04,0x08,0x10,0x20,0x40,0x80};      //位码
  14          
  15          void smg_scan(uchar p,n)
  16          {
  17   1        P0=0xff;
  18   1        Y6;P0=pos[p-1];
  19   1        Y7;P0=~num[n];
  20   1        Y0;
  21   1      }
  22          
  23          void smg_d(uchar d0,d1,d2,d3,d4,d5,d6,d7)
  24          {
  25   1        d[0] = d0;
  26   1        d[1] = d1;
  27   1        d[2] = d2;
  28   1        d[3] = d3;
  29   1        d[4] = d4;
  30   1        d[5] = d5;
  31   1        d[6] = d6;
  32   1        d[7] = d7;
  33   1      }


MODULE INFORMATION:   STATIC OVERLAYABLE
   CODE SIZE        =     60    ----
   CONSTANT SIZE    =   ----    ----
   XDATA SIZE       =   ----    ----
   PDATA SIZE       =   ----    ----
   DATA SIZE        =     59      15
   IDATA SIZE       =   ----    ----
   BIT SIZE         =   ----    ----
END OF MODULE INFORMATION.


C51 COMPILATION COMPLETE.  0 WARNING(S),  0 ERROR(S)
