C51 COMPILER V9.57.0.0   TIMER                                                             04/09/2022 12:02:40 PAGE 1   


C51 COMPILER V9.57.0.0, COMPILATION OF MODULE TIMER
OBJECT MODULE PLACED IN .\Objects\timer.obj
COMPILER INVOKED BY: E:\Keil_v5\C51\BIN\C51.EXE ..\APP\timer.c OPTIMIZE(8,SPEED) BROWSE INCDIR(..\APP;..\LIB;..\USER) DE
                    -BUG OBJECTEXTEND PRINT(.\Listings\timer.lst) TABS(2) OBJECT(.\Objects\timer.obj)

line level    source

   1          #include "timer.h"
   2          
   3          uchar x=0;
   4          extern uchar d[];
   5          bit func_flag = 0;
   6          
   7          extern bit jidian_flag1;//继电器吸合5秒 标志位 5000ms
   8          uint tt = 0;
   9          uint tt2 = 0;
  10          bit L1_mode = 0;
  11          extern bit led3_flag;
  12          bit led3_mode = 0;
  13          
  14          
  15          void timer0_init(void)    //5毫秒@12.000MHz
  16          {
  17   1        AUXR &= 0x7F;   //定时器时钟12T模式
  18   1        TMOD &= 0xF0;   //设置定时器模式
  19   1        TL0 = 0x78;   //设置定时初值
  20   1        TH0 = 0xEC;   //设置定时初值
  21   1        TF0 = 0;    //清除TF0标志
  22   1        TR0 = 1;    //定时器0开始计时
  23   1        EA = 1;
  24   1        ET0 = 1;
  25   1      }
  26          
  27          void timer1_init(void)    //1毫秒@12.000MHz
  28          {
  29   1        AUXR &= 0xBF;   //定时器时钟12T模式
  30   1        TMOD &= 0x0F;   //设置定时器模式
  31   1        TL1 = 0x18;   //设置定时初值
  32   1        TH1 = 0xFC;   //设置定时初值
  33   1        TF1 = 0;    //清除TF1标志
  34   1        TR1 = 1;    //定时器1开始计时
  35   1        EA = 1;
  36   1        ET1 = 1;
  37   1      }
  38          
  39          void timer0_run() interrupt 1
  40          {
  41   1      //      if(P0==0x10){
  42   1      //      led3_flag = 1;
  43   1      //    }
  44   1      //    if(P0!=0x10){
  45   1      //      led3_flag = 0;
  46   1      //    }
  47   1      
  48   1        if(jidian_flag1 == 1){
  49   2          tt++;
  50   2          L1_mode = 1;
  51   2          led_light(1);
  52   2        }
  53   1          if(tt>1000){
  54   2            jidian_flag1 = 0;
C51 COMPILER V9.57.0.0   TIMER                                                             04/09/2022 12:02:40 PAGE 2   

  55   2            tt=0;
  56   2            L1_mode = 0;
  57   2          } 
  58   1      }
  59          
  60          void timer1_run() interrupt 3
  61          {
  62   1        func_flag = 0;
  63   1        
  64   1        led_scan();
  65   1        smg_scan(x+1,d[x]);
  66   1        x++;
  67   1        if(x>=8) x=0;
  68   1        
  69   1        if(led3_flag == 1){//0.1秒间隔闪烁 100ms 0.1s = 
  70   2          tt2++;
  71   2          if(tt2<10){led3_mode = 0;}
  72   2          else if(tt2>=10){tt2=0;led3_mode = 1;}
  73   2        }
  74   1        
  75   1        
  76   1        
  77   1        func_flag = 1;
  78   1      }


MODULE INFORMATION:   STATIC OVERLAYABLE
   CODE SIZE        =    271    ----
   CONSTANT SIZE    =   ----    ----
   XDATA SIZE       =   ----    ----
   PDATA SIZE       =   ----    ----
   DATA SIZE        =      5    ----
   IDATA SIZE       =   ----    ----
   BIT SIZE         =      3    ----
END OF MODULE INFORMATION.


C51 COMPILATION COMPLETE.  0 WARNING(S),  0 ERROR(S)
